<?xml version="1.0" encoding="UTF-8"?>
<testng-results ignored="0" total="1" passed="1" failed="0" skipped="0">
  <reporter-output>
  </reporter-output>
  <suite started-at="2022-11-18T03:45:14 IST" name="Default suite" finished-at="2022-11-18T03:46:05 IST" duration-ms="50484">
    <groups>
    </groups>
    <test started-at="2022-11-18T03:45:14 IST" name="Default test" finished-at="2022-11-18T03:46:05 IST" duration-ms="50484">
      <class name="POM_DDF_TestNG_BaseClass_UtilityClass.UpstoxloginText">
        <test-method is-config="true" signature="openBrowser()[pri:0, instance:POM_DDF_TestNG_BaseClass_UtilityClass.UpstoxloginText@619713e5]" started-at="2022-11-18T03:45:15 IST" name="openBrowser" finished-at="2022-11-18T03:45:48 IST" duration-ms="33215" status="PASS">
          <reporter-output>
          </reporter-output>
        </test-method> <!-- openBrowser -->
        <test-method is-config="true" signature="logintoUpstox()[pri:0, instance:POM_DDF_TestNG_BaseClass_UtilityClass.UpstoxloginText@619713e5]" started-at="2022-11-18T03:45:48 IST" name="logintoUpstox" finished-at="2022-11-18T03:46:04 IST" duration-ms="16426" status="PASS">
          <reporter-output>
          </reporter-output>
        </test-method> <!-- logintoUpstox -->
        <test-method signature="verifymyaccount()[pri:0, instance:POM_DDF_TestNG_BaseClass_UtilityClass.UpstoxloginText@619713e5]" started-at="2022-11-18T03:46:04 IST" name="verifymyaccount" finished-at="2022-11-18T03:46:05 IST" duration-ms="685" status="PASS">
          <reporter-output>
          </reporter-output>
        </test-method> <!-- verifymyaccount -->
        <test-method is-config="true" signature="logout()[pri:0, instance:POM_DDF_TestNG_BaseClass_UtilityClass.UpstoxloginText@619713e5]" started-at="2022-11-18T03:46:05 IST" name="logout" finished-at="2022-11-18T03:46:05 IST" duration-ms="3" status="PASS">
          <reporter-output>
          </reporter-output>
        </test-method> <!-- logout -->
        <test-method is-config="true" signature="closeBrowser()[pri:0, instance:POM_DDF_TestNG_BaseClass_UtilityClass.UpstoxloginText@619713e5]" started-at="2022-11-18T03:46:05 IST" name="closeBrowser" finished-at="2022-11-18T03:46:05 IST" duration-ms="0" status="PASS">
          <reporter-output>
          </reporter-output>
        </test-method> <!-- closeBrowser -->
      </class> <!-- POM_DDF_TestNG_BaseClass_UtilityClass.UpstoxloginText -->
    </test> <!-- Default test -->
  </suite> <!-- Default suite -->
</testng-results>
